-------------------------------------------------------------------------------
Test set: TestSuite
-------------------------------------------------------------------------------
Tests run: 5, Failures: 1, Errors: 0, Skipped: 0, Time elapsed: 22.579 s <<< FAILURE! - in TestSuite
titleCheck(Academy.HomePageTest)  Time elapsed: 0.979 s  <<< FAILURE!
java.lang.AssertionError: expected [Featured Courses123] but found [Featured Courses]
	at Academy.HomePageTest.titleCheck(HomePageTest.java:55)

